<?xml version="1.0" encoding="UTF-8"?>
<!-- Generated by org.testng.reporters.JUnitReportReporter -->
<testsuite hostname="INBOOK_Y2_PLUS" failures="0" tests="4" name="TestNG.AnnotationandPriority1" time="10.897" errors="0" timestamp="2024-07-02T09:18:05 IST" skipped="0">
  <testcase classname="TestNG.AnnotationandPriority1" name="OpenApp" time="4.342"/>
  <system-out/>
  <testcase classname="TestNG.AnnotationandPriority1" name="Login" time="6.380"/>
  <system-out/>
  <testcase classname="TestNG.AnnotationandPriority1" name="Search" time="0.002"/>
  <system-out/>
  <testcase classname="TestNG.AnnotationandPriority1" name="CloseApp" time="0.173"/>
  <system-out/>
</testsuite> <!-- TestNG.AnnotationandPriority1 -->
