<?xml version="1.0" encoding="UTF-8"?>
<!-- Generated by org.testng.reporters.JUnitReportReporter -->
<testsuite hostname="INBOOK_Y2_PLUS" failures="0" tests="3" name="TestNG.BeforeAfterMethod" time="21.545" errors="0" timestamp="2024-07-03T10:02:26 IST" skipped="0">
  <testcase classname="TestNG.BeforeAfterMethod" name="Login" time="8.462"/>
  <system-out/>
  <testcase classname="TestNG.BeforeAfterMethod" name="Search" time="6.744"/>
  <system-out/>
  <testcase classname="TestNG.BeforeAfterMethod" name="Close" time="6.339"/>
  <system-out/>
</testsuite> <!-- TestNG.BeforeAfterMethod -->
