<?xml version="1.0" encoding="UTF-8"?>
<!-- Generated by org.testng.reporters.JUnitReportReporter -->
<testsuite hostname="INBOOK_Y2_PLUS" failures="0" tests="4" name="TestNG.AnnotationandPriority" time="10.641" errors="0" timestamp="2024-07-01T09:37:52 IST" skipped="0">
  <testcase classname="TestNG.AnnotationandPriority" name="OpenApp" time="4.122"/>
  <system-out/>
  <testcase classname="TestNG.AnnotationandPriority" name="Login" time="6.411"/>
  <system-out/>
  <testcase classname="TestNG.AnnotationandPriority" name="Search" time="0.002"/>
  <system-out/>
  <testcase classname="TestNG.AnnotationandPriority" name="CloseApp" time="0.106"/>
  <system-out/>
</testsuite> <!-- TestNG.AnnotationandPriority -->
